This is XeTeX, Version 3.141592653-2.6-0.999993 (MiKTeX 21.12.10) (preloaded format=xelatex 2022.1.1)  13 MAY 2023 19:41
entering extended mode
 restricted \write18 enabled.
 %&-line parsing enabled.
**./main.tex
(main.tex
LaTeX2e <2021-11-15> patch level 1
L3 programming layer <2021-11-22> (LuThesis.cls
Document Class: LuThesis 2019/05/16 Lu bakalaura tēžu stils
(C:\Users\Zver\AppData\Roaming\MiKTeX\tex/latex/koma-script\scrreprt.cls
Document Class: scrreprt 2021/11/13 v3.35 KOMA-Script document class (report)
(C:\Users\Zver\AppData\Roaming\MiKTeX\tex/latex/koma-script\scrkbase.sty
Package: scrkbase 2021/11/13 v3.35 KOMA-Script package (KOMA-Script-dependent b
asics and keyval usage)

(C:\Users\Zver\AppData\Roaming\MiKTeX\tex/latex/koma-script\scrbase.sty
Package: scrbase 2021/11/13 v3.35 KOMA-Script package (KOMA-Script-independent 
basics and keyval usage)

(C:\Users\Zver\AppData\Roaming\MiKTeX\tex/latex/koma-script\scrlfile.sty
Package: scrlfile 2021/11/13 v3.35 KOMA-Script package (file load hooks)

(C:\Users\Zver\AppData\Roaming\MiKTeX\tex/latex/koma-script\scrlfile-hook.sty
Package: scrlfile-hook 2021/11/13 v3.35 KOMA-Script package (using LaTeX hooks)


(C:\Users\Zver\AppData\Roaming\MiKTeX\tex/latex/koma-script\scrlogo.sty
Package: scrlogo 2021/11/13 v3.35 KOMA-Script package (logo)
)))
(C:\Program Files\MiKTeX\tex/latex/graphics\keyval.sty
Package: keyval 2014/10/28 v1.15 key=value parser (DPC)
\KV@toks@=\toks16
)
Applying: [2021/05/01] Usage of raw or classic option list on input line 252.
Already applied: [0000/00/00] Usage of raw or classic option list on input line
 368.
))
(C:\Users\Zver\AppData\Roaming\MiKTeX\tex/latex/koma-script\tocbasic.sty
Package: tocbasic 2021/11/13 v3.35 KOMA-Script package (handling toc-files)
\scr@dte@tocline@numberwidth=\skip47
\scr@dte@tocline@numbox=\box50
)
Package tocbasic Info: babel extension for `toc' omitted
(tocbasic)             because of missing \bbl@set@language on input line 137.
Class scrreprt Info: You've used standard option `oneside'.
(scrreprt)           This is correct!
(scrreprt)           Internally I'm using `twoside=false'.
(scrreprt)           If you'd like to set the option with \KOMAoptions,
(scrreprt)           you'd have to use `twoside=false' there
(scrreprt)           instead of `oneside', too.
Package scrreprt Info: You've used standard option `12pt'.
(scrreprt)             This is correct!
(scrreprt)             Internally I'm using `fontsize=12pt'.
(scrreprt)             If you'd like to set the option with \KOMAoptions,
(scrreprt)             you'd have to use `fontsize=12pt' there
(scrreprt)             instead of `12pt', too.
Class scrreprt Info: You've used standard option `openany'.
(scrreprt)           This is correct!
(scrreprt)           Internally I'm using `open=any'.
(scrreprt)           If you'd like to set the option with \KOMAoptions,
(scrreprt)           you'd have to use `open=any' there
(scrreprt)           instead of `openany', too.
Class scrreprt Info: You've used standard option `notitlepage'.
(scrreprt)           This is correct!
(scrreprt)           Internally I'm using `titlepage=false'.
(scrreprt)           If you'd like to set the option with \KOMAoptions,
(scrreprt)           you'd have to use `titlepage=false' there
(scrreprt)           instead of `notitlepage', too.
Class scrreprt Info: File `scrsize12pt.clo' used to setup font sizes on input l
ine 2487.

(C:\Users\Zver\AppData\Roaming\MiKTeX\tex/latex/koma-script\scrsize12pt.clo
File: scrsize12pt.clo 2021/11/13 v3.35 KOMA-Script font size class option (12pt
)
)
(C:\Users\Zver\AppData\Roaming\MiKTeX\tex/latex/koma-script\typearea.sty
Package: typearea 2021/11/13 v3.35 KOMA-Script package (type area)
\ta@bcor=\skip48
\ta@div=\count179
Package typearea Info: You've used standard option `oneside'.
(typearea)             This is correct!
(typearea)             Internally I'm using `twoside=false'.
(typearea)             If you'd like to set the option with \KOMAoptions,
(typearea)             you'd have to use `twoside=false' there
(typearea)             instead of `oneside', too.
\ta@hblk=\skip49
\ta@vblk=\skip50
\ta@temp=\skip51
\footheight=\skip52
Package typearea Info: These are the values describing the layout:
(typearea)             DIV  = 12
(typearea)             BCOR = 0.0pt
(typearea)             \paperwidth      = 597.50793pt
(typearea)              \textwidth      = 448.13095pt
(typearea)              DIV departure   = -6%
(typearea)              \evensidemargin = 2.4185pt
(typearea)              \oddsidemargin  = 2.4185pt
(typearea)             \paperheight     = 845.04694pt
(typearea)              \textheight     = 635.5pt
(typearea)              \topmargin      = -41.72441pt
(typearea)              \headheight     = 18.125pt
(typearea)              \headsep        = 21.75pt
(typearea)              \topskip        = 12.0pt
(typearea)              \footskip       = 50.75pt
(typearea)              \baselineskip   = 14.5pt
(typearea)              on input line 1743.
)
\c@part=\count180
\c@chapter=\count181
\c@section=\count182
\c@subsection=\count183
\c@subsubsection=\count184
\c@paragraph=\count185
\c@subparagraph=\count186
\scr@dte@chapter@maxnumwidth=\skip53
Class scrreprt Info: using compatibility default `afterindent=bysign'
(scrreprt)           for `\chapter on input line 5717.
\scr@dte@section@maxnumwidth=\skip54
Class scrreprt Info: using compatibility default `runin=bysign'
(scrreprt)           for `\section on input line 5728.
Class scrreprt Info: using compatibility default `afterindent=bysign'
(scrreprt)           for `\section on input line 5728.
\scr@dte@part@maxnumwidth=\skip55
Class scrreprt Info: using compatibility default `afterindent=true'
(scrreprt)           for `\part on input line 5737.
\scr@dte@subsection@maxnumwidth=\skip56
Class scrreprt Info: using compatibility default `runin=bysign'
(scrreprt)           for `\subsection on input line 5747.
Class scrreprt Info: using compatibility default `afterindent=bysign'
(scrreprt)           for `\subsection on input line 5747.
\scr@dte@subsubsection@maxnumwidth=\skip57
Class scrreprt Info: using compatibility default `runin=bysign'
(scrreprt)           for `\subsubsection on input line 5757.
Class scrreprt Info: using compatibility default `afterindent=bysign'
(scrreprt)           for `\subsubsection on input line 5757.
\scr@dte@paragraph@maxnumwidth=\skip58
Class scrreprt Info: using compatibility default `runin=bysign'
(scrreprt)           for `\paragraph on input line 5768.
Class scrreprt Info: using compatibility default `afterindent=bysign'
(scrreprt)           for `\paragraph on input line 5768.
\scr@dte@subparagraph@maxnumwidth=\skip59
Class scrreprt Info: using compatibility default `runin=bysign'
(scrreprt)           for `\subparagraph on input line 5778.
Class scrreprt Info: using compatibility default `afterindent=bysign'
(scrreprt)           for `\subparagraph on input line 5778.
\abovecaptionskip=\skip60
\belowcaptionskip=\skip61
\c@pti@nb@sid@b@x=\box51
Package tocbasic Info: babel extension for `lof' omitted
(tocbasic)             because of missing \bbl@set@language on input line 6958.

\scr@dte@figure@maxnumwidth=\skip62
\c@figure=\count187
Package tocbasic Info: babel extension for `lot' omitted
(tocbasic)             because of missing \bbl@set@language on input line 6974.

\scr@dte@table@maxnumwidth=\skip63
\c@table=\count188
Class scrreprt Info: Redefining `\numberline' on input line 7142.
\bibindent=\dimen138
)
(C:\Users\Zver\AppData\Roaming\MiKTeX\tex/latex/geometry\geometry.sty
Package: geometry 2020/01/02 v5.9 Page Geometry

(C:\Program Files\MiKTeX\tex/generic/iftex\ifvtex.sty
Package: ifvtex 2019/10/25 v1.7 ifvtex legacy package. Use iftex instead.

(C:\Program Files\MiKTeX\tex/generic/iftex\iftex.sty
Package: iftex 2020/03/06 v1.0d TeX engine tests
))
\Gm@cnth=\count189
\Gm@cntv=\count190
\c@Gm@tempcnt=\count191
\Gm@bindingoffset=\dimen139
\Gm@wd@mp=\dimen140
\Gm@odd@mp=\dimen141
\Gm@even@mp=\dimen142
\Gm@layoutwidth=\dimen143
\Gm@layoutheight=\dimen144
\Gm@layouthoffset=\dimen145
\Gm@layoutvoffset=\dimen146
\Gm@dimlist=\toks17

(C:\Users\Zver\AppData\Roaming\MiKTeX\tex/latex/geometry\geometry.cfg))
(C:\Program Files\MiKTeX\tex/latex/l3packages/xparse\xparse.sty
(C:\Program Files\MiKTeX\tex/latex/l3kernel\expl3.sty
Package: expl3 2021-11-22 L3 programming layer (loader) 

(C:\Program Files\MiKTeX\tex/latex/l3backend\l3backend-xetex.def
File: l3backend-xetex.def 2021-12-14 L3 backend support: XeTeX
 ()
\c__kernel_sys_dvipdfmx_version_int=\count192
\l__color_backend_stack_int=\count193
\g__color_backend_stack_int=\count194
\g__graphics_track_int=\count195
\l__pdf_internal_box=\box52
\g__pdf_backend_object_int=\count196
\g__pdf_backend_annotation_int=\count197
\g__pdf_backend_link_int=\count198
))
Package: xparse 2021-11-12 L3 Experimental document command parser
)
(C:\Program Files\MiKTeX\tex/latex/base\inputenc.sty
Package: inputenc 2021/02/14 v1.3d Input encoding file
\inpenc@prehook=\toks18
\inpenc@posthook=\toks19


Package inputenc Warning: inputenc package ignored with utf8 based engines.

) (C:\Program Files\MiKTeX\tex/latex/fontspec\fontspec.sty
Package: fontspec 2020/02/21 v2.7i Font selection for XeLaTeX and LuaLaTeX

(C:\Program Files\MiKTeX\tex/latex/fontspec\fontspec-xetex.sty
Package: fontspec-xetex 2020/02/21 v2.7i Font selection for XeLaTeX and LuaLaTe
X
\l__fontspec_script_int=\count199
\l__fontspec_language_int=\count266
\l__fontspec_strnum_int=\count267
\l__fontspec_tmp_int=\count268
\l__fontspec_tmpa_int=\count269
\l__fontspec_tmpb_int=\count270
\l__fontspec_tmpc_int=\count271
\l__fontspec_em_int=\count272
\l__fontspec_emdef_int=\count273
\l__fontspec_strong_int=\count274
\l__fontspec_strongdef_int=\count275
\l__fontspec_tmpa_dim=\dimen147
\l__fontspec_tmpb_dim=\dimen148
\l__fontspec_tmpc_dim=\dimen149

(C:\Program Files\MiKTeX\tex/latex/base\fontenc.sty
Package: fontenc 2021/04/29 v2.0v Standard LaTeX package
)
(C:\Program Files\MiKTeX\tex/latex/fontspec\fontspec.cfg)))
(C:\Users\Zver\AppData\Roaming\MiKTeX\tex/latex/csquotes\csquotes.sty
Package: csquotes 2021-02-22 v5.2l context-sensitive quotations (JAW)

(C:\Program Files\MiKTeX\tex/latex/etoolbox\etoolbox.sty
Package: etoolbox 2020/10/05 v2.5k e-TeX tools for LaTeX (JAW)
\etb@tempcnta=\count276
)
\csq@reset=\count277
\csq@gtype=\count278
\csq@glevel=\count279
\csq@qlevel=\count280
\csq@maxlvl=\count281
\csq@tshold=\count282
\csq@ltx@everypar=\toks20

(C:\Users\Zver\AppData\Roaming\MiKTeX\tex/latex/csquotes\csquotes.def
File: csquotes.def 2021-02-22 v5.2l csquotes generic definitions (JAW)
)
Package csquotes Info: Trying to load configuration file 'csquotes.cfg'...
Package csquotes Info: ... configuration file loaded successfully.

(C:\Users\Zver\AppData\Roaming\MiKTeX\tex/latex/csquotes\csquotes.cfg
File: csquotes.cfg 
))
(C:\Users\Zver\AppData\Roaming\MiKTeX\tex/latex/polyglossia\polyglossia.sty
Package: polyglossia 2021/04/12 v1.53 Modern multilingual typesetting with XeLa
TeX and LuaLaTeX

(C:\Users\Zver\AppData\Roaming\MiKTeX\tex/latex/makecmds\makecmds.sty
Package: makecmds 2009/09/03 v1.0a extra command making commands
)
(C:\Program Files\MiKTeX\tex/latex/xkeyval\xkeyval.sty
Package: xkeyval 2020/11/20 v2.8 package option processing (HA)

(C:\Program Files\MiKTeX\tex/generic/xkeyval\xkeyval.tex
(C:\Program Files\MiKTeX\tex/generic/xkeyval\xkvutils.tex
\XKV@toks=\toks21
\XKV@tempa@toks=\toks22
)
\XKV@depth=\count283
File: xkeyval.tex 2014/12/03 v2.7a key=value parser (HA)
))
(C:\Program Files\MiKTeX\tex/latex/l3packages/l3keys2e\l3keys2e.sty
Package: l3keys2e 2021-11-12 LaTeX2e option processing using LaTeX3 keys
)

LaTeX hooks Warning: Generic hook 'file/after/tracklang.sty' is deprecated.
(hooks)              Use hook 'file/tracklang.sty/after' instead.


LaTeX hooks Warning: Generic hook 'package/after/bidi' is deprecated.
(hooks)              Use hook 'package/bidi/after' instead.


LaTeX hooks Warning: Generic hook 'package/after/luabidi' is deprecated.
(hooks)              Use hook 'package/luabidi/after' instead.

\xpg@normalclass=\XeTeXcharclass1
(C:\Users\Zver\AppData\Roaming\MiKTeX\tex/latex/polyglossia\gloss-latex.ldf
File: gloss-latex.ldf polyglossia: module for default language
The property list \polyglossia@langsetup contains the pairs (without outer
braces):
>  {latex/script}  =>  {latin}
>  {latex/lcscript}  =>  {latin}
>  {latex/scripttag}  =>  {}
>  {latex/language}  =>  {Latex}
>  {latex/langtag}  =>  {ENG}
>  {latex/bcp47}  =>  {}
>  {latex/hyphennames}  =>  {english}
>  {latex/direction}  =>  {LR}
>  {latex/hyphenmins}  =>  {2,3}
>  {latex/frenchspacing}  =>  {false}
>  {latex/indentfirst}  =>  {false}
>  {latex/fontsetup}  =>  {true}
>  {latex/envname}  =>  {latex}
>  {latex/babelname}  =>  {latex}
>  {latex/localnumeral}  =>  {polyglossia@C@localnumeral}
>  {latex/Localnumeral}  =>  {polyglossia@C@localnumeral}.
)
Package polyglossia Info: Default language is latex.
)
(C:\Users\Zver\AppData\Roaming\MiKTeX\tex/latex/siunitx\siunitx.sty
Package: siunitx 2021-12-03 v3.0.37 A comprehensive (SI) units package
\l__siunitx_angle_tmp_dim=\dimen150
\l__siunitx_angle_marker_box=\box53
\l__siunitx_angle_unit_box=\box54
\l__siunitx_compound_count_int=\count284

(C:\Users\Zver\AppData\Roaming\MiKTeX\tex/latex/translations\translations.sty
Package: translations 2021/01/17 v1.10a internationalization of LaTeX2e package
s (CN)

(C:\Program Files\MiKTeX\tex/generic/pdftexcmds\pdftexcmds.sty
Package: pdftexcmds 2020-06-27 v0.33 Utility functions of pdfTeX for LuaTeX (HO
)

(C:\Users\Zver\AppData\Roaming\MiKTeX\tex/generic/infwarerr\infwarerr.sty
Package: infwarerr 2019/12/03 v1.5 Providing info/warning/error messages (HO)
)
(C:\Users\Zver\AppData\Roaming\MiKTeX\tex/generic/ltxcmds\ltxcmds.sty
Package: ltxcmds 2020-05-10 v1.25 LaTeX kernel commands for general use (HO)
)
Package pdftexcmds Info: \pdf@primitive is available.
Package pdftexcmds Info: \pdf@ifprimitive is available.
Package pdftexcmds Info: \pdfdraftmode not found.
))
\l__siunitx_number_exponent_fixed_int=\count285
\l__siunitx_number_min_decimal_int=\count286
\l__siunitx_number_min_integer_int=\count287
\l__siunitx_number_round_precision_int=\count288
\l__siunitx_number_group_minimum_int=\count289

(C:\Program Files\MiKTeX\tex/latex/amsmath\amstext.sty
Package: amstext 2021/08/26 v2.01 AMS text

(C:\Program Files\MiKTeX\tex/latex/amsmath\amsgen.sty
File: amsgen.sty 1999/11/30 v2.0 generic functions
\@emptytoks=\toks23
\ex@=\dimen151
))
\l__siunitx_table_tmp_box=\box55
\l__siunitx_table_tmp_dim=\dimen152
\l__siunitx_table_column_width_dim=\dimen153
\l__siunitx_table_integer_box=\box56
\l__siunitx_table_decimal_box=\box57
\l__siunitx_table_before_box=\box58
\l__siunitx_table_after_box=\box59
\l__siunitx_table_before_dim=\dimen154
\l__siunitx_table_carry_dim=\dimen155
\l__siunitx_unit_tmp_int=\count290
\l__siunitx_unit_position_int=\count291
\l__siunitx_unit_total_int=\count292

(C:\Program Files\MiKTeX\tex/latex/tools\array.sty
Package: array 2021/10/04 v2.5f Tabular extension package (FMi)
\col@sep=\dimen156
\ar@mcellbox=\box60
\extrarowheight=\dimen157
\NC@list=\toks24
\extratabsurround=\skip64
\backup@length=\skip65
\ar@cellbox=\box61
))
(C:\Program Files\MiKTeX\tex/latex/biblatex\biblatex.sty
Package: biblatex 2020/12/31 v3.16 programmable bibliographies (PK/MW)

(C:\Users\Zver\AppData\Roaming\MiKTeX\tex/latex/kvoptions\kvoptions.sty
Package: kvoptions 2020-10-07 v3.14 Key value format for package options (HO)

(C:\Users\Zver\AppData\Roaming\MiKTeX\tex/generic/kvsetkeys\kvsetkeys.sty
Package: kvsetkeys 2019/12/15 v1.18 Key value parser (HO)
))
(C:\Users\Zver\AppData\Roaming\MiKTeX\tex/latex/logreq\logreq.sty
Package: logreq 2010/08/04 v1.0 xml request logger
\lrq@indent=\count293

(C:\Users\Zver\AppData\Roaming\MiKTeX\tex/latex/logreq\logreq.def
File: logreq.def 2010/08/04 v1.0 logreq spec v1.0
))
(C:\Program Files\MiKTeX\tex/latex/base\ifthen.sty
Package: ifthen 2020/11/24 v1.1c Standard LaTeX ifthen package (DPC)
)
(C:\Program Files\MiKTeX\tex/latex/url\url.sty
\Urlmuskip=\muskip16
Package: url 2013/09/16  ver 3.4  Verb mode for urls, etc.
)
\c@tabx@nest=\count294
\c@listtotal=\count295
\c@listcount=\count296
\c@liststart=\count297
\c@liststop=\count298
\c@citecount=\count299
\c@citetotal=\count300
\c@multicitecount=\count301
\c@multicitetotal=\count302
\c@instcount=\count303
\c@maxnames=\count304
\c@minnames=\count305
\c@maxitems=\count306
\c@minitems=\count307
\c@citecounter=\count308
\c@maxcitecounter=\count309
\c@savedcitecounter=\count310
\c@uniquelist=\count311
\c@uniquename=\count312
\c@refsection=\count313
\c@refsegment=\count314
\c@maxextratitle=\count315
\c@maxextratitleyear=\count316
\c@maxextraname=\count317
\c@maxextradate=\count318
\c@maxextraalpha=\count319
\c@abbrvpenalty=\count320
\c@highnamepenalty=\count321
\c@lownamepenalty=\count322
\c@maxparens=\count323
\c@parenlevel=\count324
\blx@tempcnta=\count325
\blx@tempcntb=\count326
\blx@tempcntc=\count327
\blx@maxsection=\count328
\blx@maxsegment@0=\count329
\blx@notetype=\count330
\blx@parenlevel@text=\count331
\blx@parenlevel@foot=\count332
\blx@sectionciteorder@0=\count333
\blx@entrysetcounter=\count334
\blx@biblioinstance=\count335
\labelnumberwidth=\skip66
\labelalphawidth=\skip67
\biblabelsep=\skip68
\bibitemsep=\skip69
\bibnamesep=\skip70
\bibinitsep=\skip71
\bibparsep=\skip72
\bibhang=\skip73
\blx@bcfin=\read2
\blx@bcfout=\write3
\blx@langwohyphens=\language79
\c@mincomprange=\count336
\c@maxcomprange=\count337
\c@mincompwidth=\count338
Package biblatex Info: Trying to load biblatex default data model...
Package biblatex Info: ... file 'blx-dm.def' found.

(C:\Program Files\MiKTeX\tex/latex/biblatex\blx-dm.def
File: blx-dm.def 2020/12/31 v3.16 biblatex localization (PK/MW)
)
Package biblatex Info: Trying to load biblatex custom data model...
Package biblatex Info: ... file 'biblatex-dm.cfg' not found.
\c@afterword=\count339
\c@savedafterword=\count340
\c@annotator=\count341
\c@savedannotator=\count342
\c@author=\count343
\c@savedauthor=\count344
\c@bookauthor=\count345
\c@savedbookauthor=\count346
\c@commentator=\count347
\c@savedcommentator=\count348
\c@editor=\count349
\c@savededitor=\count350
\c@editora=\count351
\c@savededitora=\count352
\c@editorb=\count353
\c@savededitorb=\count354
\c@editorc=\count355
\c@savededitorc=\count356
\c@foreword=\count357
\c@savedforeword=\count358
\c@holder=\count359
\c@savedholder=\count360
\c@introduction=\count361
\c@savedintroduction=\count362
\c@namea=\count363
\c@savednamea=\count364
\c@nameb=\count365
\c@savednameb=\count366
\c@namec=\count367
\c@savednamec=\count368
\c@translator=\count369
\c@savedtranslator=\count370
\c@shortauthor=\count371
\c@savedshortauthor=\count372
\c@shorteditor=\count373
\c@savedshorteditor=\count374
\c@labelname=\count375
\c@savedlabelname=\count376
\c@institution=\count377
\c@savedinstitution=\count378
\c@lista=\count379
\c@savedlista=\count380
\c@listb=\count381
\c@savedlistb=\count382
\c@listc=\count383
\c@savedlistc=\count384
\c@listd=\count385
\c@savedlistd=\count386
\c@liste=\count387
\c@savedliste=\count388
\c@listf=\count389
\c@savedlistf=\count390
\c@location=\count391
\c@savedlocation=\count392
\c@organization=\count393
\c@savedorganization=\count394
\c@origlocation=\count395
\c@savedoriglocation=\count396
\c@origpublisher=\count397
\c@savedorigpublisher=\count398
\c@publisher=\count399
\c@savedpublisher=\count400
\c@language=\count401
\c@savedlanguage=\count402
\c@origlanguage=\count403
\c@savedoriglanguage=\count404
\c@pageref=\count405
\c@savedpageref=\count406
\shorthandwidth=\skip74
\shortjournalwidth=\skip75
\shortserieswidth=\skip76
\shorttitlewidth=\skip77
\shortauthorwidth=\skip78
\shorteditorwidth=\skip79
\locallabelnumberwidth=\skip80
\locallabelalphawidth=\skip81
\localshorthandwidth=\skip82
\localshortjournalwidth=\skip83
\localshortserieswidth=\skip84
\localshorttitlewidth=\skip85
\localshortauthorwidth=\skip86
\localshorteditorwidth=\skip87
Package biblatex Info: Trying to load enhanced support for Unicode engines...
Package biblatex Info: ... file 'blx-unicode.def' found.

(C:\Program Files\MiKTeX\tex/latex/biblatex\blx-unicode.def)
Package biblatex Info: Trying to load compatibility code...
Package biblatex Info: ... file 'blx-compat.def' found.

(C:\Program Files\MiKTeX\tex/latex/biblatex\blx-compat.def
File: blx-compat.def 2020/12/31 v3.16 biblatex compatibility (PK/MW)
)
Package biblatex Info: Trying to load BibTeX backend compatibility...
Package biblatex Info: ... file 'blx-bibtex.def' found.

(C:\Program Files\MiKTeX\tex/latex/biblatex\blx-bibtex.def
File: blx-bibtex.def 2020/12/31 v3.16 biblatex compatibility (PK/MW)


Package biblatex Warning: Using fall-back BibTeX(8) backend:
(biblatex)                functionality may be reduced/unavailable.

)
Package biblatex Info: Trying to load generic definitions...
Package biblatex Info: ... file 'biblatex.def' found.
 (C:\Program Files\MiKTeX\tex/latex/biblatex\biblatex.def
File: biblatex.def 2020/12/31 v3.16 biblatex compatibility (PK/MW)
\c@textcitecount=\count407
\c@textcitetotal=\count408
\c@textcitemaxnames=\count409
\c@biburlbigbreakpenalty=\count410
\c@biburlbreakpenalty=\count411
\c@biburlnumpenalty=\count412
\c@biburlucpenalty=\count413
\c@biburllcpenalty=\count414
\biburlbigskip=\muskip17
\biburlnumskip=\muskip18
\biburlucskip=\muskip19
\biburllcskip=\muskip20
\c@smartand=\count415
)
Package biblatex Info: Trying to load bibliography style 'numeric'...
Package biblatex Info: ... file 'numeric.bbx' found.

(C:\Program Files\MiKTeX\tex/latex/biblatex/bbx\numeric.bbx
File: numeric.bbx 2020/12/31 v3.16 biblatex bibliography style (PK/MW)
Package biblatex Info: Trying to load bibliography style 'standard'...
Package biblatex Info: ... file 'standard.bbx' found.

(C:\Program Files\MiKTeX\tex/latex/biblatex/bbx\standard.bbx
File: standard.bbx 2020/12/31 v3.16 biblatex bibliography style (PK/MW)
\c@bbx:relatedcount=\count416
\c@bbx:relatedtotal=\count417
))
Package biblatex Info: Trying to load citation style 'numeric'...
Package biblatex Info: ... file 'numeric.cbx' found.

(C:\Program Files\MiKTeX\tex/latex/biblatex/cbx\numeric.cbx
File: numeric.cbx 2020/12/31 v3.16 biblatex citation style (PK/MW)
Package biblatex Info: Redefining '\cite'.
Package biblatex Info: Redefining '\parencite'.
Package biblatex Info: Redefining '\footcite'.
Package biblatex Info: Redefining '\footcitetext'.
Package biblatex Info: Redefining '\smartcite'.
Package biblatex Info: Redefining '\supercite'.
Package biblatex Info: Redefining '\textcite'.
Package biblatex Info: Redefining '\textcites'.
Package biblatex Info: Redefining '\cites'.
Package biblatex Info: Redefining '\parencites'.
Package biblatex Info: Redefining '\smartcites'.
)
Package biblatex Info: Trying to load configuration file...
Package biblatex Info: ... file 'biblatex.cfg' found.

(C:\Program Files\MiKTeX\tex/latex/biblatex\biblatex.cfg
File: biblatex.cfg 
))
(C:\Users\Zver\AppData\Roaming\MiKTeX\tex/latex/abstract\abstract.sty
Package: abstract 2009/06/08 v1.2a configurable abstracts
\abstitleskip=\skip88
\absleftindent=\skip89
\absrightindent=\skip90
\absparindent=\skip91
\absparsep=\skip92
)
(C:\Users\Zver\AppData\Roaming\MiKTeX\tex/latex/titlesec\titlesec.sty
Package: titlesec 2021/07/05 v2.14 Sectioning titles
\ttl@box=\box62
\beforetitleunit=\skip93
\aftertitleunit=\skip94
\ttl@plus=\dimen158
\ttl@minus=\dimen159
\ttl@toksa=\toks25
\titlewidth=\dimen160
\titlewidthlast=\dimen161
\titlewidthfirst=\dimen162


Package titlesec Warning: Non standard sectioning command \section
(titlesec)                detected. Using default spacing and no format.


Package titlesec Warning: Non standard sectioning command \subsection
(titlesec)                detected. Using default spacing and no format.


Package titlesec Warning: Non standard sectioning command \subsubsection
(titlesec)                detected. Using default spacing and no format.


Package titlesec Warning: Non standard sectioning command \paragraph
(titlesec)                detected. Using default spacing and no format.


Package titlesec Warning: Non standard sectioning command \subparagraph
(titlesec)                detected. Using default spacing and no format.

)
Class scrreprt Info: Unknown `titesec' release.
(scrreprt)           Cross your fingers, that is compatible on input line 107.
 (C:\Program Files\MiKTeX\tex/latex/amsmath\amsmath.sty
Package: amsmath 2021/10/15 v2.17l AMS math features
\@mathmargin=\skip95

For additional information on amsmath, use the `?' option.
(C:\Program Files\MiKTeX\tex/latex/amsmath\amsbsy.sty
Package: amsbsy 1999/11/29 v1.2d Bold Symbols
\pmbraise@=\dimen163
)
(C:\Program Files\MiKTeX\tex/latex/amsmath\amsopn.sty
Package: amsopn 2021/08/26 v2.02 operator names
)
\inf@bad=\count418
LaTeX Info: Redefining \frac on input line 234.
\uproot@=\count419
\leftroot@=\count420
LaTeX Info: Redefining \overline on input line 399.
\classnum@=\count421
\DOTSCASE@=\count422
LaTeX Info: Redefining \ldots on input line 496.
LaTeX Info: Redefining \dots on input line 499.
LaTeX Info: Redefining \cdots on input line 620.
\Mathstrutbox@=\box63
\strutbox@=\box64
\big@size=\dimen164
LaTeX Font Info:    Redeclaring font encoding OML on input line 743.
LaTeX Font Info:    Redeclaring font encoding OMS on input line 744.
\macc@depth=\count423
\c@MaxMatrixCols=\count424
\dotsspace@=\muskip21
\c@parentequation=\count425
\dspbrk@lvl=\count426
\tag@help=\toks26
\row@=\count427
\column@=\count428
\maxfields@=\count429
\andhelp@=\toks27
\eqnshift@=\dimen165
\alignsep@=\dimen166
\tagshift@=\dimen167
\tagwidth@=\dimen168
\totwidth@=\dimen169
\lineht@=\dimen170
\@envbody=\toks28
\multlinegap=\skip96
\multlinetaggap=\skip97
\mathdisplay@stack=\toks29
LaTeX Info: Redefining \[ on input line 2938.
LaTeX Info: Redefining \] on input line 2939.
)
(C:\Program Files\MiKTeX\tex/latex/amsfonts\amssymb.sty
Package: amssymb 2013/01/14 v3.01 AMS font symbols

(C:\Program Files\MiKTeX\tex/latex/amsfonts\amsfonts.sty
Package: amsfonts 2013/01/14 v3.01 Basic AMSFonts support
\symAMSa=\mathgroup4
\symAMSb=\mathgroup5
LaTeX Font Info:    Redeclaring math symbol \hbar on input line 98.
LaTeX Font Info:    Overwriting math alphabet `\mathfrak' in version `bold'
(Font)                  U/euf/m/n --> U/euf/b/n on input line 106.
))
(C:\Users\Zver\AppData\Roaming\MiKTeX\tex/latex/amscls\amsthm.sty
Package: amsthm 2020/05/29 v2.20.6
\thm@style=\toks30
\thm@bodyfont=\toks31
\thm@headfont=\toks32
\thm@notefont=\toks33
\thm@headpunct=\toks34
\thm@preskip=\skip98
\thm@postskip=\skip99
\thm@headsep=\skip100
\dth@everypar=\toks35
)
(C:\Users\Zver\AppData\Roaming\MiKTeX\tex/latex/xpatch\xpatch.sty
Package: xpatch 2020/03/25 v0.3a Extending etoolbox patching commands
)
Class scrreprt Info: amsthm's \deferred@thm@head patched.

(C:\Users\Zver\AppData\Roaming\MiKTeX\tex/latex/advdate\advdate.sty
Package: advdate 1996/10/20 Advance Date Package
\r@k=\count430
\un@r=\count431
\m@l=\count432
\m@s=\count433
\M@s=\count434
)

Class scrreprt Warning: Usage of package `tocloft' together
(scrreprt)              with a KOMA-Script class is not recommended.
(scrreprt)              I'd suggest to use options like `listof=entryprefix',
(scrreprt)              commands like `\listoflofentryname' or
(scrreprt)              `\listoflotentryname', and `\DeclareTOCStyleEntry' or
(scrreprt)              `\RedeclareSectionCommand' instead of this package,
(scrreprt)              because it breaks several KOMA-Script features of
(scrreprt)              the list of figures, list of tables and table of
(scrreprt)              contents, i.e., options like `listof=numbered',
(scrreprt)              `listof=flat or `toc=flat', commands like
(scrreprt)              `\BeforeTOCHead{...}' and `\AfterTOCHead{...}',
(scrreprt)              `\BeforeStartingTOC{...}' and \AfterStartingTOC{...}',
(scrreprt)              all features of `\DeclareTOCStyleEntry',
(scrreprt)              and the ToC entry features of `\DeclareSecionCommand'
(scrreprt)              and `\RedeclareSectionCommand' of levels
(scrreprt)              `part', `section', `subsection',
(scrreprt)              `subsubsection', `paragraph' and `subparagraph'.
(scrreprt)              Nevertheless, using requested
(scrreprt)              package `tocloft' on input line 146.

(C:\Users\Zver\AppData\Roaming\MiKTeX\tex/latex/tocloft\tocloft.sty
Package: tocloft 2017/08/31 v2.3i parameterised ToC, etc., typesetting
Package tocloft Info: The document has chapter divisions on input line 51.
\cftparskip=\skip101
\cftbeforetoctitleskip=\skip102
\cftaftertoctitleskip=\skip103
\cftbeforepartskip=\skip104
\cftpartnumwidth=\skip105
\cftpartindent=\skip106
\cftbeforechapskip=\skip107
\cftchapindent=\skip108
\cftchapnumwidth=\skip109
\cftbeforesecskip=\skip110
\cftsecindent=\skip111
\cftsecnumwidth=\skip112
\cftbeforesubsecskip=\skip113
\cftsubsecindent=\skip114
\cftsubsecnumwidth=\skip115
\cftbeforesubsubsecskip=\skip116
\cftsubsubsecindent=\skip117
\cftsubsubsecnumwidth=\skip118
\cftbeforeparaskip=\skip119
\cftparaindent=\skip120
\cftparanumwidth=\skip121
\cftbeforesubparaskip=\skip122
\cftsubparaindent=\skip123
\cftsubparanumwidth=\skip124
\cftbeforeloftitleskip=\skip125
\cftafterloftitleskip=\skip126
\cftbeforefigskip=\skip127
\cftfigindent=\skip128
\cftfignumwidth=\skip129
\c@lofdepth=\count435
\c@lotdepth=\count436
\cftbeforelottitleskip=\skip130
\cftafterlottitleskip=\skip131
\cftbeforetabskip=\skip132
\cfttabindent=\skip133
\cfttabnumwidth=\skip134
)
(C:\Program Files\MiKTeX\tex/latex/tools\longtable.sty
Package: longtable 2021-09-01 v4.17 Multi-page Table package (DPC)
\LTleft=\skip135
\LTright=\skip136
\LTpre=\skip137
\LTpost=\skip138
\LTchunksize=\count437
\LTcapwidth=\dimen171
\LT@head=\box65
\LT@firsthead=\box66
\LT@foot=\box67
\LT@lastfoot=\box68
\LT@gbox=\box69
\LT@cols=\count438
\LT@rows=\count439
\c@LT@tables=\count440
\c@LT@chunks=\count441
\LT@p@ftn=\toks36
)
Class scrreprt Info: longtable captions redefined on input line 164.

(C:\Program Files\MiKTeX\tex/latex/tools\indentfirst.sty
Package: indentfirst 1995/11/23 v1.03 Indent first paragraph (DPC)
)
(C:\Users\Zver\AppData\Roaming\MiKTeX\tex/latex/caption\caption.sty
Package: caption 2020/10/26 v3.5g Customizing captions (AR)

(C:\Users\Zver\AppData\Roaming\MiKTeX\tex/latex/caption\caption3.sty
Package: caption3 2020/10/21 v2.2e caption3 kernel (AR)
\captionmargin=\dimen172
\captionmargin@=\dimen173
\captionwidth=\dimen174
\caption@tempdima=\dimen175
\caption@indent=\dimen176
\caption@parindent=\dimen177
\caption@hangindent=\dimen178
Package caption Info: KOMA-Script document class detected.

(C:\Users\Zver\AppData\Roaming\MiKTeX\tex/latex/caption\caption-koma.sto
File: caption-koma.sto 2020/09/21 v2.0b Adaption of the caption package to the 
KOMA-Script document classes (AR)
))
\c@caption@flags=\count442
\c@continuedfloat=\count443
Package caption Info: longtable package is loaded.

(C:\Users\Zver\AppData\Roaming\MiKTeX\tex/latex/caption\ltcaption.sty
Package: ltcaption 2020/05/30 v1.4b longtable captions (AR)
))
(C:\Program Files\MiKTeX\tex/latex/tools\varioref.sty
Package: varioref 2021/07/07 v1.6f package for extended references (FMi)
\c@vrcnt=\count444
)
(C:\Users\Zver\AppData\Roaming\MiKTeX\tex/latex/mfirstuc\mfirstuc.sty
Package: mfirstuc 2021/10/15 v2.07 (NLCT)
\@glsmfirst=\toks37
\@glsmrest=\toks38
))
(C:\Program Files\MiKTeX\tex/latex/xcolor\xcolor.sty
Package: xcolor 2021/10/31 v2.13 LaTeX color extensions (UK)

(C:\Program Files\MiKTeX\tex/latex/graphics-cfg\color.cfg
File: color.cfg 2016/01/02 v1.6 sample color configuration
)
Package xcolor Info: Driver file: xetex.def on input line 227.

(C:\Program Files\MiKTeX\tex/latex/graphics-def\xetex.def
File: xetex.def 2021/03/18 v5.0k Graphics/color driver for xetex
)
(C:\Users\Zver\AppData\Roaming\MiKTeX\tex/latex/colortbl\colortbl.sty
Package: colortbl 2022/06/20 v1.0f Color table columns (DPC)
\everycr=\toks39
\minrowclearance=\skip139
\rownum=\count445
)
Package xcolor Info: Model `cmy' substituted by `cmy0' on input line 1352.
Package xcolor Info: Model `RGB' extended on input line 1368.
Package xcolor Info: Model `HTML' substituted by `rgb' on input line 1370.
Package xcolor Info: Model `Hsb' substituted by `hsb' on input line 1371.
Package xcolor Info: Model `tHsb' substituted by `hsb' on input line 1372.
Package xcolor Info: Model `HSB' substituted by `hsb' on input line 1373.
Package xcolor Info: Model `Gray' substituted by `gray' on input line 1374.
Package xcolor Info: Model `wave' substituted by `hsb' on input line 1375.

(C:\Program Files\MiKTeX\tex/latex/graphics\dvipsnam.def
File: dvipsnam.def 2016/06/17 v3.0m Driver-dependent file (DPC,SPQR)
))
(C:\Users\Zver\AppData\Roaming\MiKTeX\tex/latex/multirow\multirow.sty
Package: multirow 2021/03/15 v2.8 Span multiple rows of a table
\multirow@colwidth=\skip140
\multirow@cntb=\count446
\multirow@dima=\skip141
\bigstrutjot=\dimen179
)
(C:\Users\Zver\AppData\Roaming\MiKTeX\tex/latex/booktabs\booktabs.sty
Package: booktabs 2020/01/12 v1.61803398 Publication quality tables
\heavyrulewidth=\dimen180
\lightrulewidth=\dimen181
\cmidrulewidth=\dimen182
\belowrulesep=\dimen183
\belowbottomsep=\dimen184
\aboverulesep=\dimen185
\abovetopsep=\dimen186
\cmidrulesep=\dimen187
\cmidrulekern=\dimen188
\defaultaddspace=\dimen189
\@cmidla=\count447
\@cmidlb=\count448
\@aboverulesep=\dimen190
\@belowrulesep=\dimen191
\@thisruleclass=\count449
\@lastruleclass=\count450
\@thisrulewidth=\dimen192
)
(C:\Users\Zver\AppData\Roaming\MiKTeX\tex/latex/pythonhighlight\pythonhighlight
.sty
Package: pythonhighlight 2017/02/09 python code highlighting; provided by Olivi
er Verdier <olivier.verdier@gmail.com>
 (C:\Program Files\MiKTeX\tex/latex/listings\listings.sty
\lst@mode=\count451
\lst@gtempboxa=\box70
\lst@token=\toks40
\lst@length=\count452
\lst@currlwidth=\dimen193
\lst@column=\count453
\lst@pos=\count454
\lst@lostspace=\dimen194
\lst@width=\dimen195
\lst@newlines=\count455
\lst@lineno=\count456
\lst@maxwidth=\dimen196

(C:\Program Files\MiKTeX\tex/latex/listings\lstmisc.sty
File: lstmisc.sty 2020/03/24 1.8d (Carsten Heinz)
\c@lstnumber=\count457
\lst@skipnumbers=\count458
\lst@framebox=\box71
)
(C:\Program Files\MiKTeX\tex/latex/listings\listings.cfg
File: listings.cfg 2020/03/24 1.8d listings configuration
))
Package: listings 2020/03/24 1.8d (Carsten Heinz)
)
(C:\Users\Zver\AppData\Roaming\MiKTeX\tex/latex/caption\subcaption.sty
Package: subcaption 2020/10/07 v1.3j Sub-captions (AR)
\c@subfigure=\count459
\c@subtable=\count460
)
(C:\Users\Zver\AppData\Roaming\MiKTeX\tex/latex/polyglossia\gloss-latvian.ldf
File: gloss-latvian.ldf polyglossia: module for latvian
The property list \polyglossia@langsetup contains the pairs (without outer
braces):
>  {latex/script}  =>  {latin}
>  {latex/lcscript}  =>  {latin}
>  {latex/scripttag}  =>  {}
>  {latex/language}  =>  {Latex}
>  {latex/langtag}  =>  {ENG}
>  {latex/bcp47}  =>  {}
>  {latex/hyphennames}  =>  {english}
>  {latex/direction}  =>  {LR}
>  {latex/hyphenmins}  =>  {2,3}
>  {latex/frenchspacing}  =>  {false}
>  {latex/indentfirst}  =>  {false}
>  {latex/fontsetup}  =>  {true}
>  {latex/envname}  =>  {latex}
>  {latex/babelname}  =>  {latex}
>  {latex/localnumeral}  =>  {polyglossia@C@localnumeral}
>  {latex/Localnumeral}  =>  {polyglossia@C@localnumeral}
>  {latvian/script}  =>  {latin}
>  {latvian/lcscript}  =>  {latin}
>  {latvian/scripttag}  =>  {}
>  {latvian/language}  =>  {Latvian}
>  {latvian/langtag}  =>  {LVI}
>  {latvian/bcp47}  =>  {lv}
>  {latvian/hyphennames}  =>  {latvian}
>  {latvian/direction}  =>  {LR}
>  {latvian/hyphenmins}  =>  {2,2}
>  {latvian/frenchspacing}  =>  {false}
>  {latvian/indentfirst}  =>  {false}
>  {latvian/fontsetup}  =>  {true}
>  {latvian/envname}  =>  {latvian}
>  {latvian/babelname}  =>  {latvian}
>  {latvian/localnumeral}  =>  {polyglossia@C@localnumeral}
>  {latvian/Localnumeral}  =>  {polyglossia@C@localnumeral}.
)
Package polyglossia Info: Default language is latvian.

(C:\Users\Zver\AppData\Roaming\MiKTeX\tex/latex/polyglossia\gloss-english.ldf
File: gloss-english.ldf polyglossia: module for english
The property list \polyglossia@langsetup contains the pairs (without outer
braces):
>  {latex/script}  =>  {latin}
>  {latex/lcscript}  =>  {latin}
>  {latex/scripttag}  =>  {}
>  {latex/language}  =>  {Latex}
>  {latex/langtag}  =>  {ENG}
>  {latex/bcp47}  =>  {}
>  {latex/hyphennames}  =>  {english}
>  {latex/direction}  =>  {LR}
>  {latex/hyphenmins}  =>  {2,3}
>  {latex/frenchspacing}  =>  {false}
>  {latex/indentfirst}  =>  {false}
>  {latex/fontsetup}  =>  {true}
>  {latex/envname}  =>  {latex}
>  {latex/babelname}  =>  {latex}
>  {latex/localnumeral}  =>  {polyglossia@C@localnumeral}
>  {latex/Localnumeral}  =>  {polyglossia@C@localnumeral}
>  {latvian/script}  =>  {latin}
>  {latvian/lcscript}  =>  {latin}
>  {latvian/scripttag}  =>  {}
>  {latvian/language}  =>  {Latvian}
>  {latvian/langtag}  =>  {LVI}
>  {latvian/bcp47}  =>  {lv}
>  {latvian/hyphennames}  =>  {latvian}
>  {latvian/direction}  =>  {LR}
>  {latvian/hyphenmins}  =>  {2,2}
>  {latvian/frenchspacing}  =>  {false}
>  {latvian/indentfirst}  =>  {false}
>  {latvian/fontsetup}  =>  {true}
>  {latvian/envname}  =>  {latvian}
>  {latvian/babelname}  =>  {latvian}
>  {latvian/localnumeral}  =>  {polyglossia@C@localnumeral}
>  {latvian/Localnumeral}  =>  {polyglossia@C@localnumeral}
>  {english/script}  =>  {latin}
>  {english/lcscript}  =>  {latin}
>  {english/scripttag}  =>  {}
>  {english/language}  =>  {English}
>  {english/langtag}  =>  {ENG}
>  {english/bcp47}  =>  {en-US}
>  {english/hyphennames}  =>  {english,american,usenglish,USenglish}
>  {english/direction}  =>  {LR}
>  {english/hyphenmins}  =>  {2,3}
>  {english/frenchspacing}  =>  {false}
>  {english/indentfirst}  =>  {false}
>  {english/fontsetup}  =>  {true}
>  {english/envname}  =>  {english}
>  {english/babelname}  =>  {english}
>  {english/localnumeral}  =>  {polyglossia@C@localnumeral}
>  {english/Localnumeral}  =>  {polyglossia@C@localnumeral}.
Package polyglossia Info: Option: English, variant=american.
)

Package fontspec Info: Font family 'FreeSerif.ttf(0)' created for font
(fontspec)             'FreeSerif.ttf' with options
(fontspec)             [Ligatures=TeX,BoldFont=FreeSerifBold.ttf,ItalicFont=Fre
eSerifItalic.ttf,BoldItalicFont=FreeSerifBoldItalic.ttf].
(fontspec)              
(fontspec)              This font family consists of the following NFSS
(fontspec)             series/shapes:
(fontspec)              
(fontspec)             - 'normal' (m/n) with NFSS spec.:
(fontspec)             <->"[FreeSerif.ttf]/OT:script=latn;language=dflt;mapping
=tex-text;"
(fontspec)             - 'small caps'  (m/sc) with NFSS spec.:
(fontspec)             <->"[FreeSerif.ttf]/OT:script=latn;language=dflt;+smcp;m
apping=tex-text;"
(fontspec)             - 'bold' (b/n) with NFSS spec.:
(fontspec)             <->"[FreeSerifBold.ttf]/OT:script=latn;language=dflt;map
ping=tex-text;"
(fontspec)             - 'bold small caps'  (b/sc) with NFSS spec.:
(fontspec)             <->"[FreeSerifBold.ttf]/OT:script=latn;language=dflt;+sm
cp;mapping=tex-text;"
(fontspec)             - 'italic' (m/it) with NFSS spec.:
(fontspec)             <->"[FreeSerifItalic.ttf]/OT:script=latn;language=dflt;m
apping=tex-text;"
(fontspec)             - 'italic small caps'  (m/scit) with NFSS spec.: 
(fontspec)             - 'bold italic' (b/it) with NFSS spec.:
(fontspec)             <->"[FreeSerifBoldItalic.ttf]/OT:script=latn;language=df
lt;mapping=tex-text;"
(fontspec)             - 'bold italic small caps'  (b/scit) with NFSS spec.: 


(C:\Program Files\MiKTeX\tex/latex/graphics\graphicx.sty
Package: graphicx 2021/09/16 v1.2d Enhanced LaTeX Graphics (DPC,SPQR)

(C:\Program Files\MiKTeX\tex/latex/graphics\graphics.sty
Package: graphics 2021/03/04 v1.4d Standard LaTeX Graphics (DPC,SPQR)

(C:\Program Files\MiKTeX\tex/latex/graphics\trig.sty
Package: trig 2021/08/11 v1.11 sin cos tan (DPC)
)
(C:\Program Files\MiKTeX\tex/latex/graphics-cfg\graphics.cfg
File: graphics.cfg 2016/06/04 v1.11 sample graphics configuration
)
Package graphics Info: Driver file: xetex.def on input line 107.
)
\Gin@req@height=\dimen197
\Gin@req@width=\dimen198
)
(C:\Program Files\MiKTeX\tex/latex/hyperref\hyperref.sty
Package: hyperref 2021-06-07 v7.00m Hypertext links for LaTeX

(C:\Users\Zver\AppData\Roaming\MiKTeX\tex/generic/kvdefinekeys\kvdefinekeys.sty
Package: kvdefinekeys 2019-12-19 v1.6 Define keys (HO)
) (C:\Users\Zver\AppData\Roaming\MiKTeX\tex/generic/pdfescape\pdfescape.sty
Package: pdfescape 2019/12/09 v1.15 Implements pdfTeX's escape features (HO)
)
(C:\Users\Zver\AppData\Roaming\MiKTeX\tex/latex/hycolor\hycolor.sty
Package: hycolor 2020-01-27 v1.10 Color options for hyperref/bookmark (HO)
)
(C:\Users\Zver\AppData\Roaming\MiKTeX\tex/latex/letltxmacro\letltxmacro.sty
Package: letltxmacro 2019/12/03 v1.6 Let assignment for LaTeX macros (HO)
)
(C:\Users\Zver\AppData\Roaming\MiKTeX\tex/latex/auxhook\auxhook.sty
Package: auxhook 2019-12-17 v1.6 Hooks for auxiliary files (HO)
)
\@linkdim=\dimen199
\Hy@linkcounter=\count461
\Hy@pagecounter=\count462

(C:\Program Files\MiKTeX\tex/latex/hyperref\pd1enc.def
File: pd1enc.def 2021-06-07 v7.00m Hyperref: PDFDocEncoding definition (HO)
)
(C:\Program Files\MiKTeX\tex/latex/hyperref\hyperref-langpatches.def
File: hyperref-langpatches.def 2021-06-07 v7.00m Hyperref: patches for babel la
nguages
)
(C:\Users\Zver\AppData\Roaming\MiKTeX\tex/generic/intcalc\intcalc.sty
Package: intcalc 2019/12/15 v1.3 Expandable calculations with integers (HO)
)
(C:\Users\Zver\AppData\Roaming\MiKTeX\tex/generic/etexcmds\etexcmds.sty
Package: etexcmds 2019/12/15 v1.7 Avoid name clashes with e-TeX commands (HO)
)
\Hy@SavedSpaceFactor=\count463

(C:\Program Files\MiKTeX\tex/latex/hyperref\puenc.def
File: puenc.def 2021-06-07 v7.00m Hyperref: PDF Unicode definition (HO)
)
Package hyperref Info: Hyper figures OFF on input line 4192.
Package hyperref Info: Link nesting OFF on input line 4197.
Package hyperref Info: Hyper index ON on input line 4200.
Package hyperref Info: Plain pages OFF on input line 4207.
Package hyperref Info: Backreferencing OFF on input line 4212.
Package hyperref Info: Implicit mode ON; LaTeX internals redefined.
Package hyperref Info: Bookmarks ON on input line 4445.
\c@Hy@tempcnt=\count464
LaTeX Info: Redefining \url on input line 4804.
\XeTeXLinkMargin=\dimen256

(C:\Users\Zver\AppData\Roaming\MiKTeX\tex/generic/bitset\bitset.sty
Package: bitset 2019/12/09 v1.3 Handle bit-vector datatype (HO)

(C:\Users\Zver\AppData\Roaming\MiKTeX\tex/generic/bigintcalc\bigintcalc.sty
Package: bigintcalc 2019/12/15 v1.5 Expandable calculations on big integers (HO
)
))
\Fld@menulength=\count465
\Field@Width=\dimen257
\Fld@charsize=\dimen258
Package hyperref Info: Hyper figures OFF on input line 6076.
Package hyperref Info: Link nesting OFF on input line 6081.
Package hyperref Info: Hyper index ON on input line 6084.
Package hyperref Info: backreferencing OFF on input line 6091.
Package hyperref Info: Link coloring OFF on input line 6096.
Package hyperref Info: Link coloring with OCG OFF on input line 6101.
Package hyperref Info: PDF/A mode OFF on input line 6106.
LaTeX Info: Redefining \ref on input line 6146.
LaTeX Info: Redefining \pageref on input line 6150.

(C:\Program Files\MiKTeX\tex/latex/base\atbegshi-ltx.sty
Package: atbegshi-ltx 2021/01/10 v1.0c Emulation of the original atbegshi
package with kernel methods
)
\Hy@abspage=\count466
\c@Item=\count467
\c@Hfootnote=\count468
)
Package hyperref Info: Driver (autodetected): hxetex.

(C:\Program Files\MiKTeX\tex/latex/hyperref\hxetex.def
File: hxetex.def 2021-06-07 v7.00m Hyperref driver for XeTeX

(C:\Users\Zver\AppData\Roaming\MiKTeX\tex/generic/stringenc\stringenc.sty
Package: stringenc 2019/11/29 v1.12 Convert strings between diff. encodings (HO
)
)
\pdfm@box=\box72
\c@Hy@AnnotLevel=\count469
\HyField@AnnotCount=\count470
\Fld@listcount=\count471
\c@bookmark@seq@number=\count472

(C:\Users\Zver\AppData\Roaming\MiKTeX\tex/latex/rerunfilecheck\rerunfilecheck.s
ty
Package: rerunfilecheck 2019/12/05 v1.9 Rerun checks for auxiliary files (HO)
 (C:\Program Files\MiKTeX\tex/latex/base\atveryend-ltx.sty
Package: atveryend-ltx 2020/08/19 v1.0a Emulation of the original atveryend pac
kage
with kernel methods
)
(C:\Users\Zver\AppData\Roaming\MiKTeX\tex/generic/uniquecounter\uniquecounter.s
ty
Package: uniquecounter 2019/12/15 v1.4 Provide unlimited unique counter (HO)
)
Package uniquecounter Info: New unique counter `rerunfilecheck' on input line 2
86.
)
\Hy@SectionHShift=\skip142
) (C:\Users\Zver\AppData\Roaming\MiKTeX\tex/latex/placeins\placeins.sty
Package: placeins 2005/04/18  v 2.2
)
(C:\Users\Zver\AppData\Roaming\MiKTeX\tex/latex/appendix\appendix.sty
Package: appendix 2020/02/08 v1.2c extra appendix facilities
\c@@pps=\count473
\c@@ppsavesec=\count474
\c@@ppsaveapp=\count475
)
Package csquotes Info: Checking for multilingual support...
Package csquotes Info: ... found 'polyglossia' package.
Package csquotes Info: Adjusting default style.
Package csquotes Info: Redefining alias 'default' -> 'latvian'.

(main.aux
LaTeX Info: Redefining \rmfamily on input line 27.
LaTeX Info: Redefining \sffamily on input line 27.
LaTeX Info: Redefining \ttfamily on input line 27.
LaTeX Info: Redefining \rmfamily on input line 36.
LaTeX Info: Redefining \sffamily on input line 36.
LaTeX Info: Redefining \ttfamily on input line 36.
LaTeX Info: Redefining \rmfamily on input line 44.
LaTeX Info: Redefining \sffamily on input line 44.
LaTeX Info: Redefining \ttfamily on input line 44.


LaTeX Warning: Label `tab:addlabel' multiply defined.


LaTeX Warning: Label `tab:chatbot-bert' multiply defined.


LaTeX Warning: Label `tab:chatbot-xlm' multiply defined.


LaTeX Warning: Label `tab:askubuntu-bert' multiply defined.


LaTeX Warning: Label `tab:askubuntu-xlm' multiply defined.


LaTeX Warning: Label `tab:webapps-bert' multiply defined.


LaTeX Warning: Label `tab:webapps-xml' multiply defined.

)
\openout1 = `main.aux'.

LaTeX Font Info:    Checking defaults for OML/cmm/m/it on input line 39.
LaTeX Font Info:    ... okay on input line 39.
LaTeX Font Info:    Checking defaults for OMS/cmsy/m/n on input line 39.
LaTeX Font Info:    ... okay on input line 39.
LaTeX Font Info:    Checking defaults for OT1/cmr/m/n on input line 39.
LaTeX Font Info:    ... okay on input line 39.
LaTeX Font Info:    Checking defaults for T1/cmr/m/n on input line 39.
LaTeX Font Info:    ... okay on input line 39.
LaTeX Font Info:    Checking defaults for TS1/cmr/m/n on input line 39.
LaTeX Font Info:    Trying to load font information for TS1+cmr on input line 3
9.
 (C:\Program Files\MiKTeX\tex/latex/base\ts1cmr.fd
File: ts1cmr.fd 2019/12/16 v2.5j Standard LaTeX font definitions
)
LaTeX Font Info:    ... okay on input line 39.
LaTeX Font Info:    Checking defaults for TU/lmr/m/n on input line 39.
LaTeX Font Info:    ... okay on input line 39.
LaTeX Font Info:    Checking defaults for OMX/cmex/m/n on input line 39.
LaTeX Font Info:    ... okay on input line 39.
LaTeX Font Info:    Checking defaults for U/cmr/m/n on input line 39.
LaTeX Font Info:    ... okay on input line 39.
LaTeX Font Info:    Checking defaults for PD1/pdf/m/n on input line 39.
LaTeX Font Info:    ... okay on input line 39.
LaTeX Font Info:    Checking defaults for PU/pdf/m/n on input line 39.
LaTeX Font Info:    ... okay on input line 39.
Package scrbase Info: activating latvian \contentsname on input line 39.
Package scrbase Info: activating latvian \listfigurename on input line 39.
Package scrbase Info: activating latvian \listtablename on input line 39.

*geometry* driver: auto-detecting
*geometry* detected driver: xetex
*geometry* verbose mode - [ preamble ] result:
* driver: xetex
* paper: <default>
* layout: <same size as paper>
* layoutoffset:(h,v)=(0.0pt,0.0pt)
* modes: includehead includefoot 
* h-part:(L,W,R)=(85.35826pt, 455.24417pt, 56.9055pt)
* v-part:(T,H,B)=(56.9055pt, 731.23593pt, 56.9055pt)
* \paperwidth=597.50793pt
* \paperheight=845.04694pt
* \textwidth=455.24417pt
* \textheight=640.61093pt
* \oddsidemargin=13.08827pt
* \evensidemargin=13.08827pt
* \topmargin=-15.36449pt
* \headheight=18.125pt
* \headsep=21.75pt
* \topskip=12.0pt
* \footskip=50.75pt
* \marginparwidth=49.79233pt
* \marginparsep=12.8401pt
* \columnsep=10.0pt
* \skip\footins=10.8pt plus 4.0pt minus 2.0pt
* \hoffset=0.0pt
* \voffset=0.0pt
* \mag=1000
* \@twocolumnfalse
* \@twosidefalse
* \@mparswitchfalse
* \@reversemarginfalse
* (1in=72.27pt=25.4mm, 1cm=28.453pt)


Package fontspec Info: Adjusting the maths setup (use [no-math] to avoid
(fontspec)             this).

\symlegacymaths=\mathgroup6
LaTeX Font Info:    Overwriting symbol font `legacymaths' in version `bold'
(Font)                  OT1/cmr/m/n --> OT1/cmr/bx/n on input line 39.
LaTeX Font Info:    Redeclaring math accent \acute on input line 39.
LaTeX Font Info:    Redeclaring math accent \grave on input line 39.
LaTeX Font Info:    Redeclaring math accent \ddot on input line 39.
LaTeX Font Info:    Redeclaring math accent \tilde on input line 39.
LaTeX Font Info:    Redeclaring math accent \bar on input line 39.
LaTeX Font Info:    Redeclaring math accent \breve on input line 39.
LaTeX Font Info:    Redeclaring math accent \check on input line 39.
LaTeX Font Info:    Redeclaring math accent \hat on input line 39.
LaTeX Font Info:    Redeclaring math accent \dot on input line 39.
LaTeX Font Info:    Redeclaring math accent \mathring on input line 39.
LaTeX Font Info:    Redeclaring math symbol \Gamma on input line 39.
LaTeX Font Info:    Redeclaring math symbol \Delta on input line 39.
LaTeX Font Info:    Redeclaring math symbol \Theta on input line 39.
LaTeX Font Info:    Redeclaring math symbol \Lambda on input line 39.
LaTeX Font Info:    Redeclaring math symbol \Xi on input line 39.
LaTeX Font Info:    Redeclaring math symbol \Pi on input line 39.
LaTeX Font Info:    Redeclaring math symbol \Sigma on input line 39.
LaTeX Font Info:    Redeclaring math symbol \Upsilon on input line 39.
LaTeX Font Info:    Redeclaring math symbol \Phi on input line 39.
LaTeX Font Info:    Redeclaring math symbol \Psi on input line 39.
LaTeX Font Info:    Redeclaring math symbol \Omega on input line 39.
LaTeX Font Info:    Redeclaring math symbol \mathdollar on input line 39.
LaTeX Font Info:    Redeclaring symbol font `operators' on input line 39.
LaTeX Font Info:    Encoding `OT1' has changed to `TU' for symbol font
(Font)              `operators' in the math version `normal' on input line 39.
LaTeX Font Info:    Overwriting symbol font `operators' in version `normal'
(Font)                  OT1/cmr/m/n --> TU/FreeSerif.ttf(0)/m/n on input line 3
9.
LaTeX Font Info:    Encoding `OT1' has changed to `TU' for symbol font
(Font)              `operators' in the math version `bold' on input line 39.
LaTeX Font Info:    Overwriting symbol font `operators' in version `bold'
(Font)                  OT1/cmr/bx/n --> TU/FreeSerif.ttf(0)/m/n on input line 
39.
LaTeX Font Info:    Overwriting symbol font `operators' in version `normal'
(Font)                  TU/FreeSerif.ttf(0)/m/n --> TU/FreeSerif.ttf(0)/m/n on 
input line 39.
LaTeX Font Info:    Overwriting math alphabet `\mathit' in version `normal'
(Font)                  OT1/cmr/m/it --> TU/FreeSerif.ttf(0)/m/it on input line
 39.
LaTeX Font Info:    Overwriting math alphabet `\mathbf' in version `normal'
(Font)                  OT1/cmr/bx/n --> TU/FreeSerif.ttf(0)/b/n on input line 
39.
LaTeX Font Info:    Overwriting math alphabet `\mathsf' in version `normal'
(Font)                  OT1/cmss/m/n --> TU/lmss/m/n on input line 39.
LaTeX Font Info:    Overwriting math alphabet `\mathtt' in version `normal'
(Font)                  OT1/cmtt/m/n --> TU/lmtt/m/n on input line 39.
LaTeX Font Info:    Overwriting symbol font `operators' in version `bold'
(Font)                  TU/FreeSerif.ttf(0)/m/n --> TU/FreeSerif.ttf(0)/b/n on 
input line 39.
LaTeX Font Info:    Overwriting math alphabet `\mathit' in version `bold'
(Font)                  OT1/cmr/bx/it --> TU/FreeSerif.ttf(0)/b/it on input lin
e 39.
LaTeX Font Info:    Overwriting math alphabet `\mathsf' in version `bold'
(Font)                  OT1/cmss/bx/n --> TU/lmss/b/n on input line 39.
LaTeX Font Info:    Overwriting math alphabet `\mathtt' in version `bold'
(Font)                  OT1/cmtt/m/n --> TU/lmtt/b/n on input line 39.
Package translations Info: no dictionary file `translations-basic-dictionary-la
tvian.trsl' found. on input line 39.

LaTeX hooks Warning: Generic hook
(hooks)              'file/after/translations-basic-dictionary-english.trsl'
(hooks)              is deprecated.
(hooks)              Use hook
(hooks)              'file/translations-basic-dictionary-english.trsl/after'
(hooks)              instead.


(C:\Users\Zver\AppData\Roaming\MiKTeX\tex/latex/translations/dicts\translations
-basic-dictionary-english.trsl
File: translations-basic-dictionary-english.trsl (english translation file `tra
nslations-basic-dictionary')
)
Package translations Info: loading dictionary `translations-basic-dictionary' f
or `english'. on input line 39.
Package biblatex Info: Trying to load language 'american'...
Package biblatex Info: ... file 'american.lbx' found.

(C:\Program Files\MiKTeX\tex/latex/biblatex/lbx\american.lbx
File: american.lbx 2020/12/31 v3.16 biblatex localization (PK/MW)
Package biblatex Info: Trying to load language 'english'...
Package biblatex Info: ... file 'english.lbx' found.

(C:\Program Files\MiKTeX\tex/latex/biblatex/lbx\english.lbx
File: english.lbx 2020/12/31 v3.16 biblatex localization (PK/MW)
)
Package biblatex Info: Trying to load language 'english'...
Package biblatex Info: ... file 'english.lbx' found.

(C:\Program Files\MiKTeX\tex/latex/biblatex/lbx\english.lbx
File: english.lbx 2020/12/31 v3.16 biblatex localization (PK/MW)
))
Package biblatex Info: Trying to load language 'latvian'...
Package biblatex Info: ... file 'latvian.lbx' found.

(C:\Program Files\MiKTeX\tex/latex/biblatex/lbx\latvian.lbx
File: latvian.lbx 2020/12/31 v3.16 biblatex localization (PK/MW)


Package biblatex Warning: Latvian localisation module for biblatex loaded.
(biblatex)                This module changes more definitions than usual.
(biblatex)                Please refer to the documentation for hints and
(biblatex)                check the output carefully, especially with non-
(biblatex)                standard styles or customisations to field formats.
(biblatex)                This warning can be disabled by calling
(biblatex)                '\BiblatexLatvianWarningOff'
(biblatex)                after 'biblatex' has been loaded, but before
(biblatex)                the localisation is loaded for the first time.

)
Package biblatex Info: XeTeX detected.
(biblatex)             Assuming input encoding 'utf8'.
Package biblatex Info: Automatic encoding selection.
(biblatex)             Assuming data encoding 'utf8'.
Package biblatex Info: Input encoding 'utf8' specified.
Package biblatex Info: Data encoding 'utf8' specified.
(biblatex)             No need to reencode data.
Package biblatex Info: Document encoding is UTF8 ....
Package biblatex Info: ... and expl3
(biblatex)             2021-11-22 L3 programming layer (loader) 
(biblatex)             is new enough (at least 2020/04/06),
(biblatex)             setting 'casechanger=expl3'.
 (C:\Program Files\MiKTeX\tex/latex/biblatex\blx-case-expl3.sty
Package: blx-case-expl3 2020/12/31 v3.16 expl3 case changing code for biblatex
)
\openout3 = `main-blx.bib'.

Package biblatex Info: Trying to load bibliographic data...
Package biblatex Info: ... file 'main.bbl' found.
 (main.bbl

Package biblatex Warning: BibTeX reported the following issues
(biblatex)                with 'colyer2016':
(biblatex)                - Invalid format of field 'month'.


Package biblatex Warning: BibTeX reported the following issues
(biblatex)                with 'parrish2017':
(biblatex)                - Invalid format of field 'month'.


Package biblatex Warning: BibTeX reported the following issues
(biblatex)                with 'word2vec2013':
(biblatex)                - Invalid format of field 'month'.


Package biblatex Warning: BibTeX reported the following issues
(biblatex)                with 'bender2021':
(biblatex)                - Can't use 'location' + 'address'.


Package biblatex Warning: BibTeX reported the following issues
(biblatex)                with 'mccormick2016':
(biblatex)                - Invalid format of field 'month'.


Package biblatex Warning: BibTeX reported the following issues
(biblatex)                with 'paikens2020':
(biblatex)                - Invalid format of field 'month'.


Package biblatex Warning: BibTeX reported the following issues
(biblatex)                with 'liu2020':
(biblatex)                - Invalid format of field 'month'.

)
Package biblatex Info: Reference section=0 on input line 39.
Package biblatex Info: Reference segment=0 on input line 39.
Package scrbase Info: activating latvian \@keywordname on input line 39.
Package scrbase Info: activating latvian \@keywordname on input line 39.
Package scrbase Info: activating latvian \abbrevname on input line 39.
Package scrbase Info: activating latvian \abbrevname on input line 39.
Package caption Info: Begin \AtBeginDocument code.
Package caption Info: hyperref package is loaded.
Package caption Info: listings package is loaded.
Package caption Info: End \AtBeginDocument code.
\c@lstlisting=\count476
Package hyperref Info: Link coloring OFF on input line 39.
 (C:\Program Files\MiKTeX\tex/latex/hyperref\nameref.sty
Package: nameref 2021-04-02 v2.47 Cross-referencing by name of section

(C:\Users\Zver\AppData\Roaming\MiKTeX\tex/latex/refcount\refcount.sty
Package: refcount 2019/12/15 v3.6 Data extraction from label references (HO)
)
(C:\Users\Zver\AppData\Roaming\MiKTeX\tex/generic/gettitlestring\gettitlestring
.sty
Package: gettitlestring 2019/12/15 v1.6 Cleanup title references (HO)
)
\c@section@level=\count477
LaTeX Info: Redefining \Ref on input line 520.
)
LaTeX Info: Redefining \ref on input line 39.
LaTeX Info: Redefining \pageref on input line 39.
LaTeX Info: Redefining \nameref on input line 39.
 (main.out) (main.out)
\@outlinefile=\write4
\openout4 = `main.out'.

LaTeX Info: Redefining \Ref on input line 39.
Class scrreprt Info: loading recommended package `bookmark'.
(scrreprt)           Using `bookmark' together with `hyperref' is recommended,
(scrreprt)           because of handling of possible bookmark level gaps.
(scrreprt)           You can avoid loading `bookmark' with KOMA-Script option
(scrreprt)           `bookmarkpackage=false' before \begin{document} and
(scrreprt)           you can avoid this message adding:
(scrreprt)             \usepackage{bookmark}
(scrreprt)           before \begin{document} on input line 39.

(C:\Users\Zver\AppData\Roaming\MiKTeX\tex/latex/bookmark\bookmark.sty
Package: bookmark 2020-11-06 v1.29 PDF bookmarks (HO)

(C:\Users\Zver\AppData\Roaming\MiKTeX\tex/latex/bookmark\bkm-dvipdfm.def
File: bkm-dvipdfm.def 2020-11-06 v1.29 bookmark driver for dvipdfm (HO)
\BKM@id=\count478
))
LaTeX Info: Redefining \rmfamily on input line 39.
LaTeX Info: Redefining \sffamily on input line 39.
LaTeX Info: Redefining \ttfamily on input line 39.

[1



] (tex/abstract-lv.tex) [1




]
LaTeX Info: Redefining \rmfamily on input line 52.
LaTeX Info: Redefining \sffamily on input line 52.
LaTeX Info: Redefining \ttfamily on input line 52.
 (tex/abstract-en.tex)
LaTeX Info: Redefining \rmfamily on input line 55.
LaTeX Info: Redefining \sffamily on input line 55.
LaTeX Info: Redefining \ttfamily on input line 55.
 [2


] (main.toc
LaTeX Info: Redefining \rmfamily on input line 3.
LaTeX Info: Redefining \sffamily on input line 3.
LaTeX Info: Redefining \ttfamily on input line 3.
LaTeX Info: Redefining \rmfamily on input line 7.
LaTeX Info: Redefining \sffamily on input line 7.
LaTeX Info: Redefining \ttfamily on input line 7.
LaTeX Info: Redefining \rmfamily on input line 11.
LaTeX Info: Redefining \sffamily on input line 11.
LaTeX Info: Redefining \ttfamily on input line 11.
LaTeX Font Info:    Trying to load font information for U+msa on input line 13.


(C:\Program Files\MiKTeX\tex/latex/amsfonts\umsa.fd
File: umsa.fd 2013/01/14 v3.01 AMS symbols A
)
LaTeX Font Info:    Trying to load font information for U+msb on input line 13.


(C:\Program Files\MiKTeX\tex/latex/amsfonts\umsb.fd
File: umsb.fd 2013/01/14 v3.01 AMS symbols B
))
\tf@toc=\write5
\openout5 = `main.toc'.

 [3


]
(tex/abbreviations.tex)
Underfull \hbox (badness 10000) in paragraph at lines 1--64

 []

[4


] (tex/intro.tex) [5


]
chapter 1.

Class scrreprt Warning: \float@addtolists detected!
(scrreprt)              Implementation of \float@addtolist became
(scrreprt)              deprecated in KOMA-Script v3.01 2008/11/14 and
(scrreprt)              has been replaced by several more flexible
(scrreprt)              features of package `tocbasic`.
(scrreprt)              Since Version 3.12 support for deprecated
(scrreprt)              \float@addtolist interface has been
(scrreprt)              restricted to only some of the KOMA-Script
(scrreprt)              features and been removed from others.
(scrreprt)              Loading of package `scrhack' may help to
(scrreprt)              avoid this warning, if you are using a
(scrreprt)              a package that still implements the
(scrreprt)              deprecated \float@addtolist interface.

(tex/word-embeddings.tex [6


]
File: figures/word2vec-distributed-representation.png Graphic file (type bmp)
<figures/word2vec-distributed-representation.png>

(C:\Program Files\MiKTeX\tex/latex/listings\lstlang1.sty
File: lstlang1.sty 2020/03/24 1.8d listings language file
) [7] [8] [9]
File: figures/word2vec-country-capital.png Graphic file (type bmp)
<figures/word2vec-country-capital.png>


LaTeX Warning: `h' float specifier changed to `ht'.

[10] [11] [12]
File: figures/comprised.png Graphic file (type bmp)
<figures/comprised.png>


LaTeX Warning: `h' float specifier changed to `ht'.

[13]
File: figures/dataset-size.png Graphic file (type bmp)
<figures/dataset-size.png>
) [14] (tex/models.tex
File: figures/word2vec-models.png Graphic file (type bmp)
<figures/word2vec-models.png>


LaTeX Warning: `h' float specifier changed to `ht'.

[15]
File: figures/skip_gram_net_arch.png Graphic file (type bmp)
<figures/skip_gram_net_arch.png>


LaTeX Warning: `h' float specifier changed to `ht'.

) [16] [17]
chapter 2.
(tex/intent-detection.tex [18


] [19] [20]
Overfull \hbox (0.61452pt too wide) in paragraph at lines 83--84
\TU/FreeSerif.ttf(0)/m/n/12 portam. Tas satur 206 jautājumus, kas tika anotēti 
divos nolūkos – DepartureTime un FindConnec-
 []

) [21]
chapter 3.
(tex/experimental-setup.tex [22


] [23] [24] [25]
Overfull \hbox (23.4718pt too wide) in paragraph at lines 86--96
 [][][] 
 []

) [26] [27]
chapter 4.
(tex/results.tex
File: graphs/bert-base-multilingual-cased_lv-accuracy.png Graphic file (type bm
p)
<graphs/bert-base-multilingual-cased_lv-accuracy.png>
File: graphs/bert-base-multilingual-cased_lv_en-accuracy.png Graphic file (type
 bmp)
<graphs/bert-base-multilingual-cased_lv_en-accuracy.png>


LaTeX Warning: `h' float specifier changed to `ht'.

File: graphs/bert-base-multilingual-cased_all-accuracy.png Graphic file (type b
mp)
<graphs/bert-base-multilingual-cased_all-accuracy.png>
File: graphs/bert-base-multilingual-cased_all_en-accuracy.png Graphic file (typ
e bmp)
<graphs/bert-base-multilingual-cased_all_en-accuracy.png>

LaTeX Warning: `h' float specifier changed to `ht'.

File: graphs/bert-base-multilingual-cased_en-accuracy.png Graphic file (type bm
p)
<graphs/bert-base-multilingual-cased_en-accuracy.png>
File: graphs/xlm-roberta-base_en-accuracy.png Graphic file (type bmp)
<graphs/xlm-roberta-base_en-accuracy.png>

LaTeX Warning: `h' float specifier changed to `ht'.

File: graphs/xlm-roberta-base_lv-accuracy.png Graphic file (type bmp)
<graphs/xlm-roberta-base_lv-accuracy.png>
File: graphs/xlm-roberta-base_lv_en-accuracy.png Graphic file (type bmp)
<graphs/xlm-roberta-base_lv_en-accuracy.png>

LaTeX Warning: `h' float specifier changed to `ht'.

File: graphs/xlm-roberta-base_all-accuracy.png Graphic file (type bmp)
<graphs/xlm-roberta-base_all-accuracy.png>
File: graphs/xlm-roberta-base_all_en-accuracy.png Graphic file (type bmp)
<graphs/xlm-roberta-base_all_en-accuracy.png>

Underfull \hbox (badness 10000) in paragraph at lines 129--129
[][]|\TU/FreeSerif.ttf(0)/b/n/10 XLM-RoBERTa apvienotā mašīntulkoto tre-
 []


LaTeX Warning: `h' float specifier changed to `ht'.

[28


] [29] [30] [31] [32]
File: results-5/graphs/askubuntu_bert-base-multilingual-cased_lv-accuracy.png G
raphic file (type bmp)
<results-5/graphs/askubuntu_bert-base-multilingual-cased_lv-accuracy.png>
File: results-5/graphs/askubuntu_bert-base-multilingual-cased_lv_en-accuracy.pn
g Graphic file (type bmp)
<results-5/graphs/askubuntu_bert-base-multilingual-cased_lv_en-accuracy.png>


LaTeX Warning: `h' float specifier changed to `ht'.

File: results-5/graphs/askubuntu_bert-base-multilingual-cased_all-accuracy.png 
Graphic file (type bmp)
<results-5/graphs/askubuntu_bert-base-multilingual-cased_all-accuracy.png>
File: results-5/graphs/askubuntu_bert-base-multilingual-cased_all_en-accuracy.p
ng Graphic file (type bmp)
<results-5/graphs/askubuntu_bert-base-multilingual-cased_all_en-accuracy.png>

LaTeX Warning: `h' float specifier changed to `ht'.

File: results-5/graphs/askubuntu_bert-base-multilingual-cased_en-accuracy.png G
raphic file (type bmp)
<results-5/graphs/askubuntu_bert-base-multilingual-cased_en-accuracy.png>
File: results-5/graphs/askubuntu_xlm-roberta-base_en-accuracy.png Graphic file 
(type bmp)
<results-5/graphs/askubuntu_xlm-roberta-base_en-accuracy.png>

LaTeX Warning: `h' float specifier changed to `ht'.

File: results-5/graphs/askubuntu_xlm-roberta-base_lv-accuracy.png Graphic file 
(type bmp)
<results-5/graphs/askubuntu_xlm-roberta-base_lv-accuracy.png>
File: results-5/graphs/askubuntu_xlm-roberta-base_lv_en-accuracy.png Graphic fi
le (type bmp)
<results-5/graphs/askubuntu_xlm-roberta-base_lv_en-accuracy.png>

LaTeX Warning: `h' float specifier changed to `ht'.

File: results-5/graphs/askubuntu_xlm-roberta-base_all-accuracy.png Graphic file
 (type bmp)
<results-5/graphs/askubuntu_xlm-roberta-base_all-accuracy.png>
File: results-5/graphs/askubuntu_xlm-roberta-base_all_en-accuracy.png Graphic f
ile (type bmp)
<results-5/graphs/askubuntu_xlm-roberta-base_all_en-accuracy.png>

Underfull \hbox (badness 10000) in paragraph at lines 264--264
[][]|\TU/FreeSerif.ttf(0)/b/n/10 XLM-RoBERTa apvienotā mašīntulkoto tre-
 []


LaTeX Warning: `h' float specifier changed to `ht'.

[33

] [34] [35] [36] [37]
File: results-5/graphs/webapps_bert-base-multilingual-cased_lv-accuracy.png Gra
phic file (type bmp)
<results-5/graphs/webapps_bert-base-multilingual-cased_lv-accuracy.png>
File: results-5/graphs/webapps_bert-base-multilingual-cased_lv_en-accuracy.png 
Graphic file (type bmp)
<results-5/graphs/webapps_bert-base-multilingual-cased_lv_en-accuracy.png>


LaTeX Warning: `h' float specifier changed to `ht'.

File: results-5/graphs/webapps_bert-base-multilingual-cased_all-accuracy.png Gr
aphic file (type bmp)
<results-5/graphs/webapps_bert-base-multilingual-cased_all-accuracy.png>
File: results-5/graphs/webapps_bert-base-multilingual-cased_all_en-accuracy.png
 Graphic file (type bmp)
<results-5/graphs/webapps_bert-base-multilingual-cased_all_en-accuracy.png>

LaTeX Warning: `h' float specifier changed to `ht'.

File: results-5/graphs/webapps_bert-base-multilingual-cased_en-accuracy.png Gra
phic file (type bmp)
<results-5/graphs/webapps_bert-base-multilingual-cased_en-accuracy.png>
File: results-5/graphs/webapps_xlm-roberta-base_en-accuracy.png Graphic file (t
ype bmp)
<results-5/graphs/webapps_xlm-roberta-base_en-accuracy.png>

LaTeX Warning: `h' float specifier changed to `ht'.

File: results-5/graphs/webapps_xlm-roberta-base_lv-accuracy.png Graphic file (t
ype bmp)
<results-5/graphs/webapps_xlm-roberta-base_lv-accuracy.png>
File: results-5/graphs/webapps_xlm-roberta-base_lv_en-accuracy.png Graphic file
 (type bmp)
<results-5/graphs/webapps_xlm-roberta-base_lv_en-accuracy.png>

LaTeX Warning: `h' float specifier changed to `ht'.

File: results-5/graphs/webapps_xlm-roberta-base_all-accuracy.png Graphic file (
type bmp)
<results-5/graphs/webapps_xlm-roberta-base_all-accuracy.png>
File: results-5/graphs/webapps_xlm-roberta-base_all_en-accuracy.png Graphic fil
e (type bmp)
<results-5/graphs/webapps_xlm-roberta-base_all_en-accuracy.png>

Underfull \hbox (badness 10000) in paragraph at lines 405--405
[][]|\TU/FreeSerif.ttf(0)/b/n/10 XLM-RoBERTa apvienotā mašīntulkoto tre-
 []


LaTeX Warning: `h' float specifier changed to `ht'.

) [38

] [39] [40] [41] [42] (tex/conclusions.tex) [43


]
Overfull \hbox (6.34935pt too wide) in paragraph at lines 104--104
\TU/FreeSerif.ttf(0)/m/it/12 Movement\TU/FreeSerif.ttf(0)/m/n/12 . []$[][][][][
] [] [] [] [][][][] [] [][][][][][][][][] [] [][][] [] [][][][] [] [][][][][][]
[][][] [] [][][][][][][][] [] [][][][][][][][][] []
 []


Overfull \hbox (18.52731pt too wide) in paragraph at lines 104--104
[][][][][][][][] [] [][][][] [] [][][][][][] [] [][][][][][][][] [] [][][][][][
][][] [] [][][][][][][][][] [] [][][] [] [][][][][][][][] [] [][][][][][][][][]
$[]\TU/FreeSerif.ttf(0)/m/n/12 .
 []

[44



] [45] [46]
Overfull \hbox (1.74782pt too wide) in paragraph at lines 104--104
[]\TU/FreeSerif.ttf(0)/m/n/12 Zihan Liu u. c. „  Attention-Informed Mixed-Langu
age Training for Zero-Shot Cross-Lingual
 []


Overfull \hbox (10.28981pt too wide) in paragraph at lines 104--104
\TU/FreeSerif.ttf(0)/m/n/12 Filling”. \TU/FreeSerif.ttf(0)/m/it/12 Proceedings 
of the Massively Multilingual Natural Language Understanding Workshop
 []


Overfull \hbox (16.10435pt too wide) in paragraph at lines 104--104
\TU/FreeSerif.ttf(0)/m/sc/12 url\TU/FreeSerif.ttf(0)/m/n/12 : []$[][][][][] [] 
[] [] [][][] [] [][][][][][][][][][][][][] [] [][][] [] [][][][][][][] [] [][][
][][][][] [] [][][] [] [][][][][][][][][][][][][][][][][]$[]. 
 []

[47] [48] (tex/appendix.tex (tex/code.tex
Overfull \hbox (20.19026pt too wide) in paragraph at lines 3--5
\TU/FreeSerif.ttf(0)/m/n/12 Koda piemērs literatūras ievadā. Krāsu dati ”xkcd.j
son” []$[][][][][] [] [] [] [][][][][][] [] [][][] [] [][][][][][][] [] [][][][
][][][] []
 []

LaTeX Font Info:    Font shape `TU/lmtt/bx/n' in size <10> not available
(Font)              Font shape `TU/lmtt/b/n' tried instead on input line 7.
[49



]))
The property list \polyglossia@langsetup contains the pairs (without outer
braces):
>  {latex/script}  =>  {latin}
>  {latex/lcscript}  =>  {latin}
>  {latex/scripttag}  =>  {}
>  {latex/language}  =>  {Latex}
>  {latex/langtag}  =>  {ENG}
>  {latex/bcp47}  =>  {}
>  {latex/hyphennames}  =>  {english}
>  {latex/direction}  =>  {LR}
>  {latex/hyphenmins}  =>  {2,3}
>  {latex/frenchspacing}  =>  {false}
>  {latex/indentfirst}  =>  {false}
>  {latex/fontsetup}  =>  {true}
>  {latex/envname}  =>  {latex}
>  {latex/babelname}  =>  {latex}
>  {latex/localnumeral}  =>  {polyglossia@C@localnumeral}
>  {latex/Localnumeral}  =>  {polyglossia@C@localnumeral}
>  {latvian/script}  =>  {latin}
>  {latvian/lcscript}  =>  {latin}
>  {latvian/scripttag}  =>  {}
>  {latvian/language}  =>  {Latvian}
>  {latvian/langtag}  =>  {LVI}
>  {latvian/bcp47}  =>  {lv}
>  {latvian/hyphennames}  =>  {latvian}
>  {latvian/direction}  =>  {LR}
>  {latvian/hyphenmins}  =>  {2,2}
>  {latvian/frenchspacing}  =>  {false}
>  {latvian/indentfirst}  =>  {false}
>  {latvian/fontsetup}  =>  {true}
>  {latvian/envname}  =>  {latvian}
>  {latvian/babelname}  =>  {latvian}
>  {latvian/localnumeral}  =>  {polyglossia@C@localnumeral}
>  {latvian/Localnumeral}  =>  {polyglossia@C@localnumeral}
>  {english/script}  =>  {latin}
>  {english/lcscript}  =>  {latin}
>  {english/scripttag}  =>  {}
>  {english/language}  =>  {English}
>  {english/langtag}  =>  {ENG}
>  {english/bcp47}  =>  {en-US}
>  {english/hyphennames}  =>  {english,american,usenglish,USenglish}
>  {english/direction}  =>  {LR}
>  {english/hyphenmins}  =>  {2,3}
>  {english/frenchspacing}  =>  {false}
>  {english/indentfirst}  =>  {false}
>  {english/fontsetup}  =>  {true}
>  {english/envname}  =>  {english}
>  {english/babelname}  =>  {american}
>  {english/localnumeral}  =>  {polyglossia@C@localnumeral}
>  {english/Localnumeral}  =>  {polyglossia@C@localnumeral}.
 [50] (main.aux
LaTeX Info: Redefining \rmfamily on input line 27.
LaTeX Info: Redefining \sffamily on input line 27.
LaTeX Info: Redefining \ttfamily on input line 27.
LaTeX Info: Redefining \rmfamily on input line 36.
LaTeX Info: Redefining \sffamily on input line 36.
LaTeX Info: Redefining \ttfamily on input line 36.
LaTeX Info: Redefining \rmfamily on input line 44.
LaTeX Info: Redefining \sffamily on input line 44.
LaTeX Info: Redefining \ttfamily on input line 44.
)

LaTeX Warning: There were multiply-defined labels.

Package rerunfilecheck Info: File `main.out' has not changed.
(rerunfilecheck)             Checksum: D41D8CD98F00B204E9800998ECF8427E;0.
Package logreq Info: Writing requests to 'main.run.xml'.
\openout1 = `main.run.xml'.

 ) 
Here is how much of TeX's memory you used:
 33916 strings out of 411044
 719597 string characters out of 2829678
 1739067 words of memory out of 3000000
 54126 multiletter control sequences out of 15000+600000
 410231 words of font info for 83 fonts, out of 8000000 for 9000
 1348 hyphenation exceptions out of 8191
 122i,11n,131p,10639b,5700s stack positions out of 5000i,500n,10000p,200000b,80000s

Output written on main.pdf (51 pages).
